<?xml version="1.0" encoding="UTF-8"?>
<!-- Generated by org.testng.reporters.JUnitReportReporter -->
<testsuite hostname="DESKTOP-HB1QJTK" name="org.fb.Facebook" tests="1" failures="0" timestamp="20 Apr 2021 12:54:25 GMT" time="3.281" errors="0">
  <testcase name="test1" time="3.281" classname="org.fb.Facebook"/>
</testsuite> <!-- org.fb.Facebook -->
