<?xml version="1.0" encoding="UTF-8"?>
<!-- Generated by org.testng.reporters.JUnitReportReporter -->
<testsuite hostname="DESKTOP-HB1QJTK" name="org.testt.Test2" tests="3" failures="0" timestamp="24 Apr 2021 05:26:44 GMT" time="0.010" errors="0">
  <testcase name="tc20" time="0.005" classname="org.testt.Test2"/>
  <testcase name="tc21" time="0.005" classname="org.testt.Test2"/>
  <testcase name="tc22" time="0.000" classname="org.testt.Test2"/>
</testsuite> <!-- org.testt.Test2 -->
