<?xml version="1.0" encoding="UTF-8"?>
<!-- Generated by org.testng.reporters.JUnitReportReporter -->
<testsuite hostname="DESKTOP-HB1QJTK" name="org.testt.Test1" tests="3" failures="0" timestamp="24 Apr 2021 05:26:44 GMT" time="0.030" errors="0">
  <testcase name="tc11" time="0.015" classname="org.testt.Test1"/>
  <testcase name="tc12" time="0.000" classname="org.testt.Test1"/>
  <testcase name="tc10" time="0.015" classname="org.testt.Test1"/>
</testsuite> <!-- org.testt.Test1 -->
