<?xml version="1.0" encoding="UTF-8"?>
<!-- Generated by org.testng.reporters.JUnitReportReporter -->
<testsuite hostname="DESKTOP-HB1QJTK" name="org.fb.Demo" tests="1" failures="0" timestamp="20 Apr 2021 14:54:10 GMT" time="14.061" errors="0">
  <testcase name="test1" time="14.061" classname="org.fb.Demo"/>
</testsuite> <!-- org.fb.Demo -->
