<?xml version="1.0" encoding="UTF-8"?>
<!-- Generated by org.testng.reporters.JUnitReportReporter -->
<testsuite hostname="DESKTOP-HB1QJTK" name="org.fb.Adact" tests="10" failures="0" timestamp="21 Apr 2021 14:41:56 GMT" time="167.524" errors="0">
  <testcase name="hotel" time="14.112" classname="org.fb.Adact"/>
  <testcase name="hotel" time="12.705" classname="org.fb.Adact"/>
  <testcase name="hotel" time="13.370" classname="org.fb.Adact"/>
  <testcase name="hotel" time="18.347" classname="org.fb.Adact"/>
  <testcase name="hotel" time="15.481" classname="org.fb.Adact"/>
  <testcase name="hotel" time="16.724" classname="org.fb.Adact"/>
  <testcase name="hotel" time="13.473" classname="org.fb.Adact"/>
  <testcase name="hotel" time="14.452" classname="org.fb.Adact"/>
  <testcase name="hotel" time="13.771" classname="org.fb.Adact"/>
  <testcase name="hotel" time="35.089" classname="org.fb.Adact"/>
</testsuite> <!-- org.fb.Adact -->
