<?xml version="1.0" encoding="UTF-8"?>
<!-- Generated by org.testng.reporters.JUnitReportReporter -->
<testsuite hostname="DESKTOP-HB1QJTK" name="org.fb.Assert" tests="1" failures="0" timestamp="22 Apr 2021 05:00:56 GMT" time="11.224" errors="0">
  <testcase name="test1" time="11.224" classname="org.fb.Assert"/>
</testsuite> <!-- org.fb.Assert -->
